# JRE version: Java(TM) SE Runtime Environment (17.0.16+12) (build 17.0.16+12-LTS-247)
# Java VM: Java HotSpot(TM) 64-Bit Server VM (17.0.16+12-LTS-247, mixed mode, emulated-client, sharing, tiered, compressed oops, compressed class ptrs, g1 gc, windows-amd64)
GC Precious Log:
 CPUs: 12 total, 12 available
 Memory: 7518M
 Large Page Support: Disabled
 NUMA Support: Disabled
 Compressed Oops: Enabled (32-bit)
 Heap Region Size: 1M
 Heap Min Capacity: 8M
 Heap Initial Capacity: 118M
 Heap Max Capacity: 1880M
 Pre-touch: Disabled
 Parallel Workers: 10
 Concurrent Workers: 3
 Concurrent Refinement Workers: 10
 Periodic GC: Disabled
Heap:
 garbage-first heap   total 442368K, used 172522K [0x000000008a800000, 0x0000000100000000)
  region size 1024K, 122 young (124928K), 9 survivors (9216K)
 Metaspace       used 92767K, committed 93440K, reserved 1179648K
  class space    used 13678K, committed 13952K, reserved 1048576K
GC Heap History (20 events):
Event: 10.504 GC heap before
{Heap before GC invocations=42 (full 0):
 garbage-first heap   total 331776K, used 148706K [0x000000008a800000, 0x0000000100000000)
  region size 1024K, 22 young (22528K), 21 survivors (21504K)
 Metaspace       used 71047K, committed 71616K, reserved 1114112K
  class space    used 10642K, committed 10880K, reserved 1048576K
}
Event: 10.523 GC heap after
{Heap after GC invocations=43 (full 0):
 garbage-first heap   total 331776K, used 135849K [0x000000008a800000, 0x0000000100000000)
  region size 1024K, 3 young (3072K), 3 survivors (3072K)
 Metaspace       used 71047K, committed 71616K, reserved 1114112K
  class space    used 10642K, committed 10880K, reserved 1048576K
}
Event: 10.782 GC heap before
{Heap before GC invocations=43 (full 0):
 garbage-first heap   total 331776K, used 219817K [0x000000008a800000, 0x0000000100000000)
  region size 1024K, 82 young (83968K), 3 survivors (3072K)
 Metaspace       used 71047K, committed 71616K, reserved 1114112K
  class space    used 10642K, committed 10880K, reserved 1048576K
}
Event: 10.802 GC heap after
{Heap after GC invocations=44 (full 0):
 garbage-first heap   total 331776K, used 158563K [0x000000008a800000, 0x0000000100000000)
  region size 1024K, 11 young (11264K), 11 survivors (11264K)
 Metaspace       used 71047K, committed 71616K, reserved 1114112K
  class space    used 10642K, committed 10880K, reserved 1048576K
}
Event: 11.434 GC heap before
{Heap before GC invocations=44 (full 0):
 garbage-first heap   total 331776K, used 232291K [0x000000008a800000, 0x0000000100000000)
  region size 1024K, 83 young (84992K), 11 survivors (11264K)
 Metaspace       used 72460K, committed 73088K, reserved 1114112K
  class space    used 10841K, committed 11136K, reserved 1048576K
}
Event: 11.445 GC heap after
{Heap after GC invocations=45 (full 0):
 garbage-first heap   total 331776K, used 164718K [0x000000008a800000, 0x0000000100000000)
  region size 1024K, 5 young (5120K), 5 survivors (5120K)
 Metaspace       used 72460K, committed 73088K, reserved 1114112K
  class space    used 10841K, committed 11136K, reserved 1048576K
}
Event: 13.483 GC heap before
{Heap before GC invocations=45 (full 0):
 garbage-first heap   total 331776K, used 240494K [0x000000008a800000, 0x0000000100000000)
  region size 1024K, 79 young (80896K), 5 survivors (5120K)
 Metaspace       used 80124K, committed 80768K, reserved 1179648K
  class space    used 11857K, committed 12160K, reserved 1048576K
}
Event: 13.491 GC heap after
{Heap after GC invocations=46 (full 0):
 garbage-first heap   total 331776K, used 169339K [0x000000008a800000, 0x0000000100000000)
  region size 1024K, 10 young (10240K), 10 survivors (10240K)
 Metaspace       used 80124K, committed 80768K, reserved 1179648K
  class space    used 11857K, committed 12160K, reserved 1048576K
}
Event: 14.347 GC heap before
{Heap before GC invocations=46 (full 0):
 garbage-first heap   total 331776K, used 248187K [0x000000008a800000, 0x0000000100000000)
  region size 1024K, 87 young (89088K), 10 survivors (10240K)
 Metaspace       used 83401K, committed 84096K, reserved 1179648K
  class space    used 12420K, committed 12736K, reserved 1048576K
}
Event: 14.355 GC heap after
{Heap after GC invocations=47 (full 0):
 garbage-first heap   total 331776K, used 172317K [0x000000008a800000, 0x0000000100000000)
  region size 1024K, 9 young (9216K), 9 survivors (9216K)
 Metaspace       used 83401K, committed 84096K, reserved 1179648K
  class space    used 12420K, committed 12736K, reserved 1048576K
}
Event: 330.014 GC heap before
{Heap before GC invocations=47 (full 0):
 garbage-first heap   total 331776K, used 253213K [0x000000008a800000, 0x0000000100000000)
  region size 1024K, 89 young (91136K), 9 survivors (9216K)
 Metaspace       used 91175K, committed 91904K, reserved 1179648K
  class space    used 13540K, committed 13888K, reserved 1048576K
}
Event: 330.200 GC heap after
{Heap after GC invocations=48 (full 0):
 garbage-first heap   total 331776K, used 175037K [0x000000008a800000, 0x0000000100000000)
  region size 1024K, 7 young (7168K), 7 survivors (7168K)
 Metaspace       used 91175K, committed 91904K, reserved 1179648K
  class space    used 13540K, committed 13888K, reserved 1048576K
}
Event: 421.739 GC heap before
{Heap before GC invocations=48 (full 0):
 garbage-first heap   total 331776K, used 191421K [0x000000008a800000, 0x0000000100000000)
  region size 1024K, 24 young (24576K), 7 survivors (7168K)
 Metaspace       used 91280K, committed 92032K, reserved 1179648K
  class space    used 13563K, committed 13888K, reserved 1048576K
}
Event: 422.848 GC heap after
{Heap after GC invocations=49 (full 1):
 garbage-first heap   total 160768K, used 43666K [0x000000008a800000, 0x0000000100000000)
  region size 1024K, 0 young (0K), 0 survivors (0K)
 Metaspace       used 90939K, committed 92032K, reserved 1179648K
  class space    used 13487K, committed 13888K, reserved 1048576K
}
Event: 423.900 GC heap before
{Heap before GC invocations=49 (full 1):
 garbage-first heap   total 160768K, used 113298K [0x000000008a800000, 0x0000000100000000)
  region size 1024K, 68 young (69632K), 0 survivors (0K)
 Metaspace       used 91372K, committed 92096K, reserved 1179648K
  class space    used 13537K, committed 13888K, reserved 1048576K
}
Event: 423.911 GC heap after
{Heap after GC invocations=50 (full 1):
 garbage-first heap   total 160768K, used 50196K [0x000000008a800000, 0x0000000100000000)
  region size 1024K, 7 young (7168K), 7 survivors (7168K)
 Metaspace       used 91372K, committed 92096K, reserved 1179648K
  class space    used 13537K, committed 13888K, reserved 1048576K
}
Event: 424.632 GC heap before
{Heap before GC invocations=50 (full 1):
 garbage-first heap   total 160768K, used 116756K [0x000000008a800000, 0x0000000100000000)
  region size 1024K, 72 young (73728K), 7 survivors (7168K)
 Metaspace       used 91618K, committed 92288K, reserved 1179648K
  class space    used 13575K, committed 13888K, reserved 1048576K
}
Event: 424.645 GC heap after
{Heap after GC invocations=51 (full 1):
 garbage-first heap   total 160768K, used 54472K [0x000000008a800000, 0x0000000100000000)
  region size 1024K, 6 young (6144K), 6 survivors (6144K)
 Metaspace       used 91618K, committed 92288K, reserved 1179648K
  class space    used 13575K, committed 13888K, reserved 1048576K
}
Event: 425.686 GC heap before
{Heap before GC invocations=51 (full 1):
 garbage-first heap   total 160768K, used 117960K [0x000000008a800000, 0x0000000100000000)
  region size 1024K, 68 young (69632K), 6 survivors (6144K)
 Metaspace       used 92089K, committed 92736K, reserved 1179648K
  class space    used 13619K, committed 13888K, reserved 1048576K
}
Event: 425.693 GC heap after
{Heap after GC invocations=52 (full 1):
 garbage-first heap   total 442368K, used 57834K [0x000000008a800000, 0x0000000100000000)
  region size 1024K, 9 young (9216K), 9 survivors (9216K)
 Metaspace       used 92089K, committed 92736K, reserved 1179648K
  class space    used 13619K, committed 13888K, reserved 1048576K
}

